<?xml version="1.0" encoding="UTF-8"?>
<!-- Generated by org.testng.reporters.JUnitXMLReporter -->
<testsuite hostname="DESKTOP-LCLRU6G" ignored="5" name="Test Grouping" tests="5" failures="0" timestamp="2020-02-18T10:34:05 SGT" time="0.042" errors="0">
  <testcase name="f2" time="0.008" classname="testNG.TestNGGrouping"/>
  <testcase name="m1" time="0.001" classname="testNG.TestNGGrouping2"/>
  <testcase name="m2" time="0.001" classname="testNG.TestNGGrouping2"/>
  <testcase name="m3" time="0.001" classname="testNG.TestNGGrouping2"/>
  <testcase name="m4" time="0.0" classname="testNG.TestNGGrouping2"/>
  <testcase name="f1" time="0.0" classname="testNG.TestNGGrouping">
    <ignored/>
  </testcase> <!-- f1 -->
  <testcase name="f5" time="0.0" classname="testNG.TestNGGrouping">
    <ignored/>
  </testcase> <!-- f5 -->
  <testcase name="f3" time="0.0" classname="testNG.TestNGGrouping">
    <ignored/>
  </testcase> <!-- f3 -->
  <testcase name="f6" time="0.0" classname="testNG.TestNGGrouping">
    <ignored/>
  </testcase> <!-- f6 -->
  <testcase name="f4" time="0.0" classname="testNG.TestNGGrouping">
    <ignored/>
  </testcase> <!-- f4 -->
</testsuite> <!-- Test Grouping -->
