<?xml version="1.0" encoding="UTF-8"?>
<!-- Generated by org.testng.reporters.JUnitXMLReporter -->
<testsuite hostname="DESKTOP-LCLRU6G" ignored="0" name="Assert Equals" tests="2" failures="1" timestamp="2020-02-18T11:08:42 SGT" time="7.435" errors="0">
  <testcase name="compareTitle" time="0.014" classname="testNG.AssertEquals"/>
  <testcase name="testEquality" time="0.005" classname="testNG.AssertEquals">
    <failure type="java.lang.AssertionError" message="expected [false] but found [true]">
      <![CDATA[java.lang.AssertionError: expected [false] but found [true]
at testNG.AssertEquals.testEquality(AssertEquals.java:28)
at java.util.concurrent.ThreadPoolExecutor.runWorker(ThreadPoolExecutor.java:1149)
at java.util.concurrent.ThreadPoolExecutor$Worker.run(ThreadPoolExecutor.java:624)
at java.lang.Thread.run(Thread.java:748)
... Removed 17 stack frames]]>
    </failure>
  </testcase> <!-- testEquality -->
</testsuite> <!-- Assert Equals -->
